[18:40:05] [main/INFO]: Loading Minecraft 1.21.4 with Fabric Loader 0.16.9
[18:40:05] [main/INFO]: Loading 4 mods:
	- fabricloader 0.16.9
	   \-- mixinextras 0.4.1
	- java 22
	- minecraft 1.21.4
[18:40:05] [main/INFO]: SpongePowered MIXIN Subsystem Version=0.8.7 Source=file:/C:/Users/Samuel/Desktop/MGIN_PROJECTS/MinecraftServerBuilder/server/libraries/net/fabricmc/sponge-mixin/0.15.4+mixin.0.8.7/sponge-mixin-0.15.4+mixin.0.8.7.jar Service=Knot/Fabric Env=SERVER
[18:40:08] [main/INFO]: Environment: Environment[sessionHost=https://sessionserver.mojang.com, servicesHost=https://api.minecraftservices.com, name=PROD]
[18:40:08] [main/INFO]: No existing world data, creating new world
[18:40:09] [main/INFO]: Loaded 1370 recipes
[18:40:09] [main/INFO]: Loaded 1481 advancements
[18:40:09] [Server thread/INFO]: Starting minecraft server version 1.21.4
[18:40:09] [Server thread/INFO]: Loading properties
[18:40:09] [Server thread/INFO]: Default game type: SURVIVAL
[18:40:09] [Server thread/INFO]: Generating keypair
[18:40:09] [Server thread/INFO]: Starting Minecraft server on *:25565
[18:40:09] [Server thread/INFO]: Using default channel type
[18:40:09] [Server thread/INFO]: Preparing level "world"
[18:40:10] [Server thread/INFO]: Preparing start region for dimension minecraft:overworld
[18:40:10] [Worker-Main-19/INFO]: Preparing spawn area: 2%
[18:40:11] [Worker-Main-23/INFO]: Preparing spawn area: 14%
[18:40:11] [Worker-Main-8/INFO]: Preparing spawn area: 51%
[18:40:12] [Server thread/INFO]: Time elapsed: 1135 ms
[18:40:12] [Server thread/INFO]: Done (2.520s)! For help, type "help"
[18:40:16] [Server thread/INFO]: Stopping the server
[18:40:16] [Server thread/INFO]: Stopping server
[18:40:16] [Server thread/INFO]: Saving players
[18:40:16] [Server thread/INFO]: Saving worlds
[18:40:16] [Server thread/INFO]: Saving chunks for level 'ServerLevel[world]'/minecraft:overworld
[18:40:17] [Server thread/INFO]: Saving chunks for level 'ServerLevel[world]'/minecraft:the_end
[18:40:17] [Server thread/INFO]: Saving chunks for level 'ServerLevel[world]'/minecraft:the_nether
[18:40:17] [Server thread/INFO]: ThreadedAnvilChunkStorage (world): All chunks are saved
[18:40:17] [Server thread/INFO]: ThreadedAnvilChunkStorage (DIM1): All chunks are saved
[18:40:17] [Server thread/INFO]: ThreadedAnvilChunkStorage (DIM-1): All chunks are saved
[18:40:17] [Server thread/INFO]: ThreadedAnvilChunkStorage: All dimensions are saved
